c:\users\alexandru grigoras\source\repos\mapreduce_mpi\mapreduce_mpi\debug\vc141.pdb
c:\users\alexandru grigoras\source\repos\mapreduce_mpi\mapreduce_mpi\debug\vc141.idb
c:\users\alexandru grigoras\source\repos\mapreduce_mpi\mapreduce_mpi\debug\main.obj
c:\users\alexandru grigoras\documents\mapreduce\mapreduce_mpi\mapreduce_mpi\debug\vc141.pdb
c:\users\alexandru grigoras\documents\mapreduce\mapreduce_mpi\mapreduce_mpi\debug\vc141.idb
c:\users\alexandru grigoras\documents\mapreduce\mapreduce_mpi\mapreduce_mpi\debug\main.obj
c:\users\alexandru grigoras\documents\mapreduce\mapreduce_mpi\mapreduce_mpi\debug\functions.obj
c:\users\alexandru grigoras\source\repos\mapreduce_mpi\debug\mapreduce_mpi.ilk
c:\users\alexandru grigoras\source\repos\mapreduce_mpi\debug\mapreduce_mpi.exe
c:\users\alexandru grigoras\source\repos\mapreduce_mpi\debug\mapreduce_mpi.pdb
c:\users\alexandru grigoras\documents\mapreduce\mapreduce_mpi\debug\mapreduce_mpi.pdb
c:\users\alexandru grigoras\documents\mapreduce\mapreduce_mpi\mapreduce_mpi\debug\mapreduce_mpi.tlog\cl.command.1.tlog
c:\users\alexandru grigoras\documents\mapreduce\mapreduce_mpi\mapreduce_mpi\debug\mapreduce_mpi.tlog\cl.read.1.tlog
c:\users\alexandru grigoras\documents\mapreduce\mapreduce_mpi\mapreduce_mpi\debug\mapreduce_mpi.tlog\cl.write.1.tlog
c:\users\alexandru grigoras\documents\mapreduce\mapreduce_mpi\mapreduce_mpi\debug\mapreduce_mpi.tlog\link-cvtres.read.1.tlog
c:\users\alexandru grigoras\documents\mapreduce\mapreduce_mpi\mapreduce_mpi\debug\mapreduce_mpi.tlog\link-cvtres.write.1.tlog
c:\users\alexandru grigoras\documents\mapreduce\mapreduce_mpi\mapreduce_mpi\debug\mapreduce_mpi.tlog\link-rc.read.1.tlog
c:\users\alexandru grigoras\documents\mapreduce\mapreduce_mpi\mapreduce_mpi\debug\mapreduce_mpi.tlog\link-rc.write.1.tlog
c:\users\alexandru grigoras\documents\mapreduce\mapreduce_mpi\mapreduce_mpi\debug\mapreduce_mpi.tlog\link.18648-cvtres.read.1.tlog
c:\users\alexandru grigoras\documents\mapreduce\mapreduce_mpi\mapreduce_mpi\debug\mapreduce_mpi.tlog\link.18648-cvtres.write.1.tlog
c:\users\alexandru grigoras\documents\mapreduce\mapreduce_mpi\mapreduce_mpi\debug\mapreduce_mpi.tlog\link.18648-rc.read.1.tlog
c:\users\alexandru grigoras\documents\mapreduce\mapreduce_mpi\mapreduce_mpi\debug\mapreduce_mpi.tlog\link.18648-rc.write.1.tlog
c:\users\alexandru grigoras\documents\mapreduce\mapreduce_mpi\mapreduce_mpi\debug\mapreduce_mpi.tlog\link.18648.read.1.tlog
c:\users\alexandru grigoras\documents\mapreduce\mapreduce_mpi\mapreduce_mpi\debug\mapreduce_mpi.tlog\link.18648.write.1.tlog
c:\users\alexandru grigoras\documents\mapreduce\mapreduce_mpi\mapreduce_mpi\debug\mapreduce_mpi.tlog\link.command.1.tlog
c:\users\alexandru grigoras\documents\mapreduce\mapreduce_mpi\mapreduce_mpi\debug\mapreduce_mpi.tlog\link.read.1.tlog
c:\users\alexandru grigoras\documents\mapreduce\mapreduce_mpi\mapreduce_mpi\debug\mapreduce_mpi.tlog\link.write.1.tlog
